<?xml version="1.0" encoding="UTF-8"?>
<testsuite xmlns:xsi="http://www.w3.org/2001/XMLSchema-instance" xsi:noNamespaceSchemaLocation="https://maven.apache.org/surefire/maven-surefire-plugin/xsd/surefire-test-report.xsd" name="com.qapaq.manager.ManagerApplicationTests" time="3.81" tests="1" errors="0" skipped="0" failures="0">
  <properties>
    <property name="awt.toolkit" value="sun.awt.X11.XToolkit"/>
    <property name="java.specification.version" value="11"/>
    <property name="sun.cpu.isalist" value=""/>
    <property name="sun.jnu.encoding" value="UTF-8"/>
    <property name="java.class.path" value="/home/ovelez/Documentos/clientes/qapaq/si001/java/Manager/target/test-classes:/home/ovelez/Documentos/clientes/qapaq/si001/java/Manager/target/classes:/home/ovelez/.m2/repository/de/codecentric/spring-boot-admin-starter-server/2.7.4/spring-boot-admin-starter-server-2.7.4.jar:/home/ovelez/.m2/repository/de/codecentric/spring-boot-admin-server/2.7.4/spring-boot-admin-server-2.7.4.jar:/home/ovelez/.m2/repository/org/springframework/boot/spring-boot-starter-webflux/2.7.13/spring-boot-starter-webflux-2.7.13.jar:/home/ovelez/.m2/repository/org/springframework/boot/spring-boot-starter-json/2.7.13/spring-boot-starter-json-2.7.13.jar:/home/ovelez/.m2/repository/com/fasterxml/jackson/core/jackson-databind/2.13.5/jackson-databind-2.13.5.jar:/home/ovelez/.m2/repository/com/fasterxml/jackson/core/jackson-annotations/2.13.5/jackson-annotations-2.13.5.jar:/home/ovelez/.m2/repository/com/fasterxml/jackson/core/jackson-core/2.13.5/jackson-core-2.13.5.jar:/home/ovelez/.m2/repository/com/fasterxml/jackson/datatype/jackson-datatype-jdk8/2.13.5/jackson-datatype-jdk8-2.13.5.jar:/home/ovelez/.m2/repository/com/fasterxml/jackson/datatype/jackson-datatype-jsr310/2.13.5/jackson-datatype-jsr310-2.13.5.jar:/home/ovelez/.m2/repository/com/fasterxml/jackson/module/jackson-module-parameter-names/2.13.5/jackson-module-parameter-names-2.13.5.jar:/home/ovelez/.m2/repository/org/springframework/boot/spring-boot-starter-reactor-netty/2.7.13/spring-boot-starter-reactor-netty-2.7.13.jar:/home/ovelez/.m2/repository/io/projectreactor/netty/reactor-netty-http/1.0.33/reactor-netty-http-1.0.33.jar:/home/ovelez/.m2/repository/io/netty/netty-codec-http/4.1.94.Final/netty-codec-http-4.1.94.Final.jar:/home/ovelez/.m2/repository/io/netty/netty-common/4.1.94.Final/netty-common-4.1.94.Final.jar:/home/ovelez/.m2/repository/io/netty/netty-buffer/4.1.94.Final/netty-buffer-4.1.94.Final.jar:/home/ovelez/.m2/repository/io/netty/netty-transport/4.1.94.Final/netty-transport-4.1.94.Final.jar:/home/ovelez/.m2/repository/io/netty/netty-codec/4.1.94.Final/netty-codec-4.1.94.Final.jar:/home/ovelez/.m2/repository/io/netty/netty-handler/4.1.94.Final/netty-handler-4.1.94.Final.jar:/home/ovelez/.m2/repository/io/netty/netty-codec-http2/4.1.94.Final/netty-codec-http2-4.1.94.Final.jar:/home/ovelez/.m2/repository/io/netty/netty-resolver-dns/4.1.94.Final/netty-resolver-dns-4.1.94.Final.jar:/home/ovelez/.m2/repository/io/netty/netty-resolver/4.1.94.Final/netty-resolver-4.1.94.Final.jar:/home/ovelez/.m2/repository/io/netty/netty-codec-dns/4.1.94.Final/netty-codec-dns-4.1.94.Final.jar:/home/ovelez/.m2/repository/io/netty/netty-resolver-dns-native-macos/4.1.94.Final/netty-resolver-dns-native-macos-4.1.94.Final-osx-x86_64.jar:/home/ovelez/.m2/repository/io/netty/netty-resolver-dns-classes-macos/4.1.94.Final/netty-resolver-dns-classes-macos-4.1.94.Final.jar:/home/ovelez/.m2/repository/io/netty/netty-transport-native-epoll/4.1.94.Final/netty-transport-native-epoll-4.1.94.Final-linux-x86_64.jar:/home/ovelez/.m2/repository/io/netty/netty-transport-native-unix-common/4.1.94.Final/netty-transport-native-unix-common-4.1.94.Final.jar:/home/ovelez/.m2/repository/io/netty/netty-transport-classes-epoll/4.1.94.Final/netty-transport-classes-epoll-4.1.94.Final.jar:/home/ovelez/.m2/repository/io/projectreactor/netty/reactor-netty-core/1.0.33/reactor-netty-core-1.0.33.jar:/home/ovelez/.m2/repository/io/netty/netty-handler-proxy/4.1.94.Final/netty-handler-proxy-4.1.94.Final.jar:/home/ovelez/.m2/repository/io/netty/netty-codec-socks/4.1.94.Final/netty-codec-socks-4.1.94.Final.jar:/home/ovelez/.m2/repository/org/springframework/spring-web/5.3.28/spring-web-5.3.28.jar:/home/ovelez/.m2/repository/org/springframework/spring-beans/5.3.28/spring-beans-5.3.28.jar:/home/ovelez/.m2/repository/org/springframework/spring-webflux/5.3.28/spring-webflux-5.3.28.jar:/home/ovelez/.m2/repository/org/springframework/boot/spring-boot-starter-thymeleaf/2.7.13/spring-boot-starter-thymeleaf-2.7.13.jar:/home/ovelez/.m2/repository/org/thymeleaf/thymeleaf-spring5/3.0.15.RELEASE/thymeleaf-spring5-3.0.15.RELEASE.jar:/home/ovelez/.m2/repository/org/thymeleaf/thymeleaf/3.0.15.RELEASE/thymeleaf-3.0.15.RELEASE.jar:/home/ovelez/.m2/repository/org/attoparser/attoparser/2.0.5.RELEASE/attoparser-2.0.5.RELEASE.jar:/home/ovelez/.m2/repository/org/unbescape/unbescape/1.1.6.RELEASE/unbescape-1.1.6.RELEASE.jar:/home/ovelez/.m2/repository/org/thymeleaf/extras/thymeleaf-extras-java8time/3.0.4.RELEASE/thymeleaf-extras-java8time-3.0.4.RELEASE.jar:/home/ovelez/.m2/repository/org/springframework/boot/spring-boot-starter-actuator/2.7.13/spring-boot-starter-actuator-2.7.13.jar:/home/ovelez/.m2/repository/org/springframework/boot/spring-boot-actuator-autoconfigure/2.7.13/spring-boot-actuator-autoconfigure-2.7.13.jar:/home/ovelez/.m2/repository/org/springframework/boot/spring-boot-actuator/2.7.13/spring-boot-actuator-2.7.13.jar:/home/ovelez/.m2/repository/io/micrometer/micrometer-core/1.9.12/micrometer-core-1.9.12.jar:/home/ovelez/.m2/repository/org/hdrhistogram/HdrHistogram/2.1.12/HdrHistogram-2.1.12.jar:/home/ovelez/.m2/repository/org/latencyutils/LatencyUtils/2.0.3/LatencyUtils-2.0.3.jar:/home/ovelez/.m2/repository/org/apache/httpcomponents/httpclient/4.5.14/httpclient-4.5.14.jar:/home/ovelez/.m2/repository/org/apache/httpcomponents/httpcore/4.4.16/httpcore-4.4.16.jar:/home/ovelez/.m2/repository/commons-codec/commons-codec/1.15/commons-codec-1.15.jar:/home/ovelez/.m2/repository/io/projectreactor/addons/reactor-extra/3.4.10/reactor-extra-3.4.10.jar:/home/ovelez/.m2/repository/io/projectreactor/reactor-core/3.4.30/reactor-core-3.4.30.jar:/home/ovelez/.m2/repository/org/reactivestreams/reactive-streams/1.0.4/reactive-streams-1.0.4.jar:/home/ovelez/.m2/repository/de/codecentric/spring-boot-admin-server-ui/2.7.4/spring-boot-admin-server-ui-2.7.4.jar:/home/ovelez/.m2/repository/de/codecentric/spring-boot-admin-server-cloud/2.7.4/spring-boot-admin-server-cloud-2.7.4.jar:/home/ovelez/.m2/repository/org/springframework/boot/spring-boot-starter-test/2.7.13/spring-boot-starter-test-2.7.13.jar:/home/ovelez/.m2/repository/org/springframework/boot/spring-boot-starter/2.7.13/spring-boot-starter-2.7.13.jar:/home/ovelez/.m2/repository/org/springframework/boot/spring-boot/2.7.13/spring-boot-2.7.13.jar:/home/ovelez/.m2/repository/org/springframework/spring-context/5.3.28/spring-context-5.3.28.jar:/home/ovelez/.m2/repository/org/springframework/spring-aop/5.3.28/spring-aop-5.3.28.jar:/home/ovelez/.m2/repository/org/springframework/spring-expression/5.3.28/spring-expression-5.3.28.jar:/home/ovelez/.m2/repository/org/springframework/boot/spring-boot-autoconfigure/2.7.13/spring-boot-autoconfigure-2.7.13.jar:/home/ovelez/.m2/repository/org/springframework/boot/spring-boot-starter-logging/2.7.13/spring-boot-starter-logging-2.7.13.jar:/home/ovelez/.m2/repository/ch/qos/logback/logback-classic/1.2.12/logback-classic-1.2.12.jar:/home/ovelez/.m2/repository/ch/qos/logback/logback-core/1.2.12/logback-core-1.2.12.jar:/home/ovelez/.m2/repository/org/apache/logging/log4j/log4j-to-slf4j/2.17.2/log4j-to-slf4j-2.17.2.jar:/home/ovelez/.m2/repository/org/apache/logging/log4j/log4j-api/2.17.2/log4j-api-2.17.2.jar:/home/ovelez/.m2/repository/org/slf4j/jul-to-slf4j/1.7.36/jul-to-slf4j-1.7.36.jar:/home/ovelez/.m2/repository/jakarta/annotation/jakarta.annotation-api/1.3.5/jakarta.annotation-api-1.3.5.jar:/home/ovelez/.m2/repository/org/yaml/snakeyaml/1.30/snakeyaml-1.30.jar:/home/ovelez/.m2/repository/org/springframework/boot/spring-boot-test/2.7.13/spring-boot-test-2.7.13.jar:/home/ovelez/.m2/repository/org/springframework/boot/spring-boot-test-autoconfigure/2.7.13/spring-boot-test-autoconfigure-2.7.13.jar:/home/ovelez/.m2/repository/com/jayway/jsonpath/json-path/2.7.0/json-path-2.7.0.jar:/home/ovelez/.m2/repository/net/minidev/json-smart/2.4.11/json-smart-2.4.11.jar:/home/ovelez/.m2/repository/net/minidev/accessors-smart/2.4.11/accessors-smart-2.4.11.jar:/home/ovelez/.m2/repository/org/ow2/asm/asm/9.3/asm-9.3.jar:/home/ovelez/.m2/repository/org/slf4j/slf4j-api/1.7.36/slf4j-api-1.7.36.jar:/home/ovelez/.m2/repository/jakarta/xml/bind/jakarta.xml.bind-api/2.3.3/jakarta.xml.bind-api-2.3.3.jar:/home/ovelez/.m2/repository/jakarta/activation/jakarta.activation-api/1.2.2/jakarta.activation-api-1.2.2.jar:/home/ovelez/.m2/repository/org/assertj/assertj-core/3.22.0/assertj-core-3.22.0.jar:/home/ovelez/.m2/repository/org/hamcrest/hamcrest/2.2/hamcrest-2.2.jar:/home/ovelez/.m2/repository/org/junit/jupiter/junit-jupiter/5.8.2/junit-jupiter-5.8.2.jar:/home/ovelez/.m2/repository/org/junit/jupiter/junit-jupiter-api/5.8.2/junit-jupiter-api-5.8.2.jar:/home/ovelez/.m2/repository/org/opentest4j/opentest4j/1.2.0/opentest4j-1.2.0.jar:/home/ovelez/.m2/repository/org/junit/platform/junit-platform-commons/1.8.2/junit-platform-commons-1.8.2.jar:/home/ovelez/.m2/repository/org/apiguardian/apiguardian-api/1.1.2/apiguardian-api-1.1.2.jar:/home/ovelez/.m2/repository/org/junit/jupiter/junit-jupiter-params/5.8.2/junit-jupiter-params-5.8.2.jar:/home/ovelez/.m2/repository/org/junit/jupiter/junit-jupiter-engine/5.8.2/junit-jupiter-engine-5.8.2.jar:/home/ovelez/.m2/repository/org/junit/platform/junit-platform-engine/1.8.2/junit-platform-engine-1.8.2.jar:/home/ovelez/.m2/repository/org/mockito/mockito-core/4.5.1/mockito-core-4.5.1.jar:/home/ovelez/.m2/repository/net/bytebuddy/byte-buddy/1.12.23/byte-buddy-1.12.23.jar:/home/ovelez/.m2/repository/net/bytebuddy/byte-buddy-agent/1.12.23/byte-buddy-agent-1.12.23.jar:/home/ovelez/.m2/repository/org/objenesis/objenesis/3.2/objenesis-3.2.jar:/home/ovelez/.m2/repository/org/mockito/mockito-junit-jupiter/4.5.1/mockito-junit-jupiter-4.5.1.jar:/home/ovelez/.m2/repository/org/skyscreamer/jsonassert/1.5.1/jsonassert-1.5.1.jar:/home/ovelez/.m2/repository/com/vaadin/external/google/android-json/0.0.20131108.vaadin1/android-json-0.0.20131108.vaadin1.jar:/home/ovelez/.m2/repository/org/springframework/spring-core/5.3.28/spring-core-5.3.28.jar:/home/ovelez/.m2/repository/org/springframework/spring-jcl/5.3.28/spring-jcl-5.3.28.jar:/home/ovelez/.m2/repository/org/springframework/spring-test/5.3.28/spring-test-5.3.28.jar:/home/ovelez/.m2/repository/org/xmlunit/xmlunit-core/2.9.1/xmlunit-core-2.9.1.jar:"/>
    <property name="java.vm.vendor" value="Oracle Corporation"/>
    <property name="sun.arch.data.model" value="64"/>
    <property name="java.vendor.url" value="https://openjdk.java.net/"/>
    <property name="user.timezone" value=""/>
    <property name="java.vm.specification.version" value="11"/>
    <property name="os.name" value="Linux"/>
    <property name="sun.java.launcher" value="SUN_STANDARD"/>
    <property name="user.country" value="ES"/>
    <property name="sun.boot.library.path" value="/usr/lib64/jvm/java-11-openjdk-11/lib"/>
    <property name="sun.java.command" value="/home/ovelez/Documentos/clientes/qapaq/si001/java/Manager/target/surefire/surefirebooter15369324001800931746.jar /home/ovelez/Documentos/clientes/qapaq/si001/java/Manager/target/surefire 2023-07-24T23-58-26_505-jvmRun1 surefire2038596607319017889tmp surefire_02140103042612660183tmp"/>
    <property name="jdk.debug" value="release"/>
    <property name="surefire.test.class.path" value="/home/ovelez/Documentos/clientes/qapaq/si001/java/Manager/target/test-classes:/home/ovelez/Documentos/clientes/qapaq/si001/java/Manager/target/classes:/home/ovelez/.m2/repository/de/codecentric/spring-boot-admin-starter-server/2.7.4/spring-boot-admin-starter-server-2.7.4.jar:/home/ovelez/.m2/repository/de/codecentric/spring-boot-admin-server/2.7.4/spring-boot-admin-server-2.7.4.jar:/home/ovelez/.m2/repository/org/springframework/boot/spring-boot-starter-webflux/2.7.13/spring-boot-starter-webflux-2.7.13.jar:/home/ovelez/.m2/repository/org/springframework/boot/spring-boot-starter-json/2.7.13/spring-boot-starter-json-2.7.13.jar:/home/ovelez/.m2/repository/com/fasterxml/jackson/core/jackson-databind/2.13.5/jackson-databind-2.13.5.jar:/home/ovelez/.m2/repository/com/fasterxml/jackson/core/jackson-annotations/2.13.5/jackson-annotations-2.13.5.jar:/home/ovelez/.m2/repository/com/fasterxml/jackson/core/jackson-core/2.13.5/jackson-core-2.13.5.jar:/home/ovelez/.m2/repository/com/fasterxml/jackson/datatype/jackson-datatype-jdk8/2.13.5/jackson-datatype-jdk8-2.13.5.jar:/home/ovelez/.m2/repository/com/fasterxml/jackson/datatype/jackson-datatype-jsr310/2.13.5/jackson-datatype-jsr310-2.13.5.jar:/home/ovelez/.m2/repository/com/fasterxml/jackson/module/jackson-module-parameter-names/2.13.5/jackson-module-parameter-names-2.13.5.jar:/home/ovelez/.m2/repository/org/springframework/boot/spring-boot-starter-reactor-netty/2.7.13/spring-boot-starter-reactor-netty-2.7.13.jar:/home/ovelez/.m2/repository/io/projectreactor/netty/reactor-netty-http/1.0.33/reactor-netty-http-1.0.33.jar:/home/ovelez/.m2/repository/io/netty/netty-codec-http/4.1.94.Final/netty-codec-http-4.1.94.Final.jar:/home/ovelez/.m2/repository/io/netty/netty-common/4.1.94.Final/netty-common-4.1.94.Final.jar:/home/ovelez/.m2/repository/io/netty/netty-buffer/4.1.94.Final/netty-buffer-4.1.94.Final.jar:/home/ovelez/.m2/repository/io/netty/netty-transport/4.1.94.Final/netty-transport-4.1.94.Final.jar:/home/ovelez/.m2/repository/io/netty/netty-codec/4.1.94.Final/netty-codec-4.1.94.Final.jar:/home/ovelez/.m2/repository/io/netty/netty-handler/4.1.94.Final/netty-handler-4.1.94.Final.jar:/home/ovelez/.m2/repository/io/netty/netty-codec-http2/4.1.94.Final/netty-codec-http2-4.1.94.Final.jar:/home/ovelez/.m2/repository/io/netty/netty-resolver-dns/4.1.94.Final/netty-resolver-dns-4.1.94.Final.jar:/home/ovelez/.m2/repository/io/netty/netty-resolver/4.1.94.Final/netty-resolver-4.1.94.Final.jar:/home/ovelez/.m2/repository/io/netty/netty-codec-dns/4.1.94.Final/netty-codec-dns-4.1.94.Final.jar:/home/ovelez/.m2/repository/io/netty/netty-resolver-dns-native-macos/4.1.94.Final/netty-resolver-dns-native-macos-4.1.94.Final-osx-x86_64.jar:/home/ovelez/.m2/repository/io/netty/netty-resolver-dns-classes-macos/4.1.94.Final/netty-resolver-dns-classes-macos-4.1.94.Final.jar:/home/ovelez/.m2/repository/io/netty/netty-transport-native-epoll/4.1.94.Final/netty-transport-native-epoll-4.1.94.Final-linux-x86_64.jar:/home/ovelez/.m2/repository/io/netty/netty-transport-native-unix-common/4.1.94.Final/netty-transport-native-unix-common-4.1.94.Final.jar:/home/ovelez/.m2/repository/io/netty/netty-transport-classes-epoll/4.1.94.Final/netty-transport-classes-epoll-4.1.94.Final.jar:/home/ovelez/.m2/repository/io/projectreactor/netty/reactor-netty-core/1.0.33/reactor-netty-core-1.0.33.jar:/home/ovelez/.m2/repository/io/netty/netty-handler-proxy/4.1.94.Final/netty-handler-proxy-4.1.94.Final.jar:/home/ovelez/.m2/repository/io/netty/netty-codec-socks/4.1.94.Final/netty-codec-socks-4.1.94.Final.jar:/home/ovelez/.m2/repository/org/springframework/spring-web/5.3.28/spring-web-5.3.28.jar:/home/ovelez/.m2/repository/org/springframework/spring-beans/5.3.28/spring-beans-5.3.28.jar:/home/ovelez/.m2/repository/org/springframework/spring-webflux/5.3.28/spring-webflux-5.3.28.jar:/home/ovelez/.m2/repository/org/springframework/boot/spring-boot-starter-thymeleaf/2.7.13/spring-boot-starter-thymeleaf-2.7.13.jar:/home/ovelez/.m2/repository/org/thymeleaf/thymeleaf-spring5/3.0.15.RELEASE/thymeleaf-spring5-3.0.15.RELEASE.jar:/home/ovelez/.m2/repository/org/thymeleaf/thymeleaf/3.0.15.RELEASE/thymeleaf-3.0.15.RELEASE.jar:/home/ovelez/.m2/repository/org/attoparser/attoparser/2.0.5.RELEASE/attoparser-2.0.5.RELEASE.jar:/home/ovelez/.m2/repository/org/unbescape/unbescape/1.1.6.RELEASE/unbescape-1.1.6.RELEASE.jar:/home/ovelez/.m2/repository/org/thymeleaf/extras/thymeleaf-extras-java8time/3.0.4.RELEASE/thymeleaf-extras-java8time-3.0.4.RELEASE.jar:/home/ovelez/.m2/repository/org/springframework/boot/spring-boot-starter-actuator/2.7.13/spring-boot-starter-actuator-2.7.13.jar:/home/ovelez/.m2/repository/org/springframework/boot/spring-boot-actuator-autoconfigure/2.7.13/spring-boot-actuator-autoconfigure-2.7.13.jar:/home/ovelez/.m2/repository/org/springframework/boot/spring-boot-actuator/2.7.13/spring-boot-actuator-2.7.13.jar:/home/ovelez/.m2/repository/io/micrometer/micrometer-core/1.9.12/micrometer-core-1.9.12.jar:/home/ovelez/.m2/repository/org/hdrhistogram/HdrHistogram/2.1.12/HdrHistogram-2.1.12.jar:/home/ovelez/.m2/repository/org/latencyutils/LatencyUtils/2.0.3/LatencyUtils-2.0.3.jar:/home/ovelez/.m2/repository/org/apache/httpcomponents/httpclient/4.5.14/httpclient-4.5.14.jar:/home/ovelez/.m2/repository/org/apache/httpcomponents/httpcore/4.4.16/httpcore-4.4.16.jar:/home/ovelez/.m2/repository/commons-codec/commons-codec/1.15/commons-codec-1.15.jar:/home/ovelez/.m2/repository/io/projectreactor/addons/reactor-extra/3.4.10/reactor-extra-3.4.10.jar:/home/ovelez/.m2/repository/io/projectreactor/reactor-core/3.4.30/reactor-core-3.4.30.jar:/home/ovelez/.m2/repository/org/reactivestreams/reactive-streams/1.0.4/reactive-streams-1.0.4.jar:/home/ovelez/.m2/repository/de/codecentric/spring-boot-admin-server-ui/2.7.4/spring-boot-admin-server-ui-2.7.4.jar:/home/ovelez/.m2/repository/de/codecentric/spring-boot-admin-server-cloud/2.7.4/spring-boot-admin-server-cloud-2.7.4.jar:/home/ovelez/.m2/repository/org/springframework/boot/spring-boot-starter-test/2.7.13/spring-boot-starter-test-2.7.13.jar:/home/ovelez/.m2/repository/org/springframework/boot/spring-boot-starter/2.7.13/spring-boot-starter-2.7.13.jar:/home/ovelez/.m2/repository/org/springframework/boot/spring-boot/2.7.13/spring-boot-2.7.13.jar:/home/ovelez/.m2/repository/org/springframework/spring-context/5.3.28/spring-context-5.3.28.jar:/home/ovelez/.m2/repository/org/springframework/spring-aop/5.3.28/spring-aop-5.3.28.jar:/home/ovelez/.m2/repository/org/springframework/spring-expression/5.3.28/spring-expression-5.3.28.jar:/home/ovelez/.m2/repository/org/springframework/boot/spring-boot-autoconfigure/2.7.13/spring-boot-autoconfigure-2.7.13.jar:/home/ovelez/.m2/repository/org/springframework/boot/spring-boot-starter-logging/2.7.13/spring-boot-starter-logging-2.7.13.jar:/home/ovelez/.m2/repository/ch/qos/logback/logback-classic/1.2.12/logback-classic-1.2.12.jar:/home/ovelez/.m2/repository/ch/qos/logback/logback-core/1.2.12/logback-core-1.2.12.jar:/home/ovelez/.m2/repository/org/apache/logging/log4j/log4j-to-slf4j/2.17.2/log4j-to-slf4j-2.17.2.jar:/home/ovelez/.m2/repository/org/apache/logging/log4j/log4j-api/2.17.2/log4j-api-2.17.2.jar:/home/ovelez/.m2/repository/org/slf4j/jul-to-slf4j/1.7.36/jul-to-slf4j-1.7.36.jar:/home/ovelez/.m2/repository/jakarta/annotation/jakarta.annotation-api/1.3.5/jakarta.annotation-api-1.3.5.jar:/home/ovelez/.m2/repository/org/yaml/snakeyaml/1.30/snakeyaml-1.30.jar:/home/ovelez/.m2/repository/org/springframework/boot/spring-boot-test/2.7.13/spring-boot-test-2.7.13.jar:/home/ovelez/.m2/repository/org/springframework/boot/spring-boot-test-autoconfigure/2.7.13/spring-boot-test-autoconfigure-2.7.13.jar:/home/ovelez/.m2/repository/com/jayway/jsonpath/json-path/2.7.0/json-path-2.7.0.jar:/home/ovelez/.m2/repository/net/minidev/json-smart/2.4.11/json-smart-2.4.11.jar:/home/ovelez/.m2/repository/net/minidev/accessors-smart/2.4.11/accessors-smart-2.4.11.jar:/home/ovelez/.m2/repository/org/ow2/asm/asm/9.3/asm-9.3.jar:/home/ovelez/.m2/repository/org/slf4j/slf4j-api/1.7.36/slf4j-api-1.7.36.jar:/home/ovelez/.m2/repository/jakarta/xml/bind/jakarta.xml.bind-api/2.3.3/jakarta.xml.bind-api-2.3.3.jar:/home/ovelez/.m2/repository/jakarta/activation/jakarta.activation-api/1.2.2/jakarta.activation-api-1.2.2.jar:/home/ovelez/.m2/repository/org/assertj/assertj-core/3.22.0/assertj-core-3.22.0.jar:/home/ovelez/.m2/repository/org/hamcrest/hamcrest/2.2/hamcrest-2.2.jar:/home/ovelez/.m2/repository/org/junit/jupiter/junit-jupiter/5.8.2/junit-jupiter-5.8.2.jar:/home/ovelez/.m2/repository/org/junit/jupiter/junit-jupiter-api/5.8.2/junit-jupiter-api-5.8.2.jar:/home/ovelez/.m2/repository/org/opentest4j/opentest4j/1.2.0/opentest4j-1.2.0.jar:/home/ovelez/.m2/repository/org/junit/platform/junit-platform-commons/1.8.2/junit-platform-commons-1.8.2.jar:/home/ovelez/.m2/repository/org/apiguardian/apiguardian-api/1.1.2/apiguardian-api-1.1.2.jar:/home/ovelez/.m2/repository/org/junit/jupiter/junit-jupiter-params/5.8.2/junit-jupiter-params-5.8.2.jar:/home/ovelez/.m2/repository/org/junit/jupiter/junit-jupiter-engine/5.8.2/junit-jupiter-engine-5.8.2.jar:/home/ovelez/.m2/repository/org/junit/platform/junit-platform-engine/1.8.2/junit-platform-engine-1.8.2.jar:/home/ovelez/.m2/repository/org/mockito/mockito-core/4.5.1/mockito-core-4.5.1.jar:/home/ovelez/.m2/repository/net/bytebuddy/byte-buddy/1.12.23/byte-buddy-1.12.23.jar:/home/ovelez/.m2/repository/net/bytebuddy/byte-buddy-agent/1.12.23/byte-buddy-agent-1.12.23.jar:/home/ovelez/.m2/repository/org/objenesis/objenesis/3.2/objenesis-3.2.jar:/home/ovelez/.m2/repository/org/mockito/mockito-junit-jupiter/4.5.1/mockito-junit-jupiter-4.5.1.jar:/home/ovelez/.m2/repository/org/skyscreamer/jsonassert/1.5.1/jsonassert-1.5.1.jar:/home/ovelez/.m2/repository/com/vaadin/external/google/android-json/0.0.20131108.vaadin1/android-json-0.0.20131108.vaadin1.jar:/home/ovelez/.m2/repository/org/springframework/spring-core/5.3.28/spring-core-5.3.28.jar:/home/ovelez/.m2/repository/org/springframework/spring-jcl/5.3.28/spring-jcl-5.3.28.jar:/home/ovelez/.m2/repository/org/springframework/spring-test/5.3.28/spring-test-5.3.28.jar:/home/ovelez/.m2/repository/org/xmlunit/xmlunit-core/2.9.1/xmlunit-core-2.9.1.jar:"/>
    <property name="sun.cpu.endian" value="little"/>
    <property name="user.home" value="/home/ovelez"/>
    <property name="user.language" value="es"/>
    <property name="java.specification.vendor" value="Oracle Corporation"/>
    <property name="java.version.date" value="2023-04-18"/>
    <property name="java.home" value="/usr/lib64/jvm/java-11-openjdk-11"/>
    <property name="file.separator" value="/"/>
    <property name="basedir" value="/home/ovelez/Documentos/clientes/qapaq/si001/java/Manager"/>
    <property name="java.vm.compressedOopsMode" value="Zero based"/>
    <property name="line.separator" value="&#10;"/>
    <property name="java.specification.name" value="Java Platform API Specification"/>
    <property name="java.vm.specification.vendor" value="Oracle Corporation"/>
    <property name="java.awt.graphicsenv" value="sun.awt.X11GraphicsEnvironment"/>
    <property name="surefire.real.class.path" value="/home/ovelez/Documentos/clientes/qapaq/si001/java/Manager/target/surefire/surefirebooter15369324001800931746.jar"/>
    <property name="sun.management.compiler" value="HotSpot 64-Bit Tiered Compilers"/>
    <property name="java.runtime.version" value="11.0.19+0-suse-1.2-x8664"/>
    <property name="user.name" value="ovelez"/>
    <property name="path.separator" value=":"/>
    <property name="os.version" value="6.2.10-1-default"/>
    <property name="java.runtime.name" value="OpenJDK Runtime Environment"/>
    <property name="file.encoding" value="UTF-8"/>
    <property name="java.vm.name" value="OpenJDK 64-Bit Server VM"/>
    <property name="localRepository" value="/home/ovelez/.m2/repository"/>
    <property name="java.vendor.url.bug" value="https://bugreport.java.com/bugreport/"/>
    <property name="java.io.tmpdir" value="/tmp"/>
    <property name="java.version" value="11.0.19"/>
    <property name="user.dir" value="/home/ovelez/Documentos/clientes/qapaq/si001/java/Manager"/>
    <property name="os.arch" value="amd64"/>
    <property name="java.vm.specification.name" value="Java Virtual Machine Specification"/>
    <property name="java.awt.printerjob" value="sun.print.PSPrinterJob"/>
    <property name="sun.os.patch.level" value="unknown"/>
    <property name="java.library.path" value="/usr/java/packages/lib:/usr/lib64:/lib64:/lib:/usr/lib"/>
    <property name="java.vm.info" value="mixed mode"/>
    <property name="java.vendor" value="Oracle Corporation"/>
    <property name="java.vm.version" value="11.0.19+0-suse-1.2-x8664"/>
    <property name="sun.io.unicode.encoding" value="UnicodeLittle"/>
    <property name="java.class.version" value="55.0"/>
  </properties>
  <testcase name="contextLoads" classname="com.qapaq.manager.ManagerApplicationTests" time="0.222"/>
</testsuite>